-------------------------------------------------------------------------------
Test set: runners.Runner
-------------------------------------------------------------------------------
Tests run: 9, Failures: 1, Errors: 0, Skipped: 0, Time elapsed: 68.163 s <<< FAILURE! - in runners.Runner
Validate Etsy main navigation header items(Etsy Landing Page Validation)  Time elapsed: 6.485 s  <<< FAILURE!
org.junit.ComparisonFailure: expected:<Gifts & Gift Card[]> but was:<Gifts & Gift Card[s]>

