<?xml version="1.0" encoding="UTF-8"?>
<testsuite xmlns:xsi="http://www.w3.org/2001/XMLSchema-instance" xsi:noNamespaceSchemaLocation="https://maven.apache.org/surefire/maven-surefire-plugin/xsd/surefire-test-report.xsd" name="runners.Runner" time="68.163" tests="9" errors="0" skipped="0" failures="1">
  <properties>
[...]
</properties>
  <testcase name="Validate Etsy main navigation header items" classname="Etsy Landing Page Validation" time="6.485">
    <failure message="expected:&lt;Gifts &amp; Gift Card[]&gt; but was:&lt;Gifts &amp; Gift Card[s]&gt;" type="org.junit.ComparisonFailure"><![CDATA[org.junit.ComparisonFailure: expected:<Gifts & Gift Card[]> but was:<Gifts & Gift Card[s]>
]]></failure>
    <system-out><![CDATA[
@Regression @Etsy
Scenario: Validate Etsy main navigation header items &amp#27;[90m# src/test/resources/features/Etsy.feature:5&amp#27;[0m
  &amp#27;[32mGiven &amp#27;[0m&amp#27;[32muser navigates to &amp#27;[0m&amp#27;[32m&amp#27;[1m"https://www.etsy.com"&amp#27;[0m     &amp#27;[90m# steps.BaseSteps.userNavigatesTo(java.lang.String)&amp#27;[0m
  &amp#27;[31mThen &amp#27;[0m&amp#27;[31muser should see below menu item links&amp#27;[0m         &amp#27;[90m# steps.EtsySteps.user_should_see_below_menu_item_links(io.cucumber.datatable.DataTable)&amp#27;[0m
    | Father's Day Gifts    |
    | Jewelry & Accessories |
    | Clothing & Shoes      |
    | Home & Living         |
    | Wedding & Party       |
    | Toys & Entertainment  |
    | Art & Collectibles    |
    | Craft Supplies        |
    | Gifts & Gift Card     |
      &amp#27;[31morg.junit.ComparisonFailure: expected:<Gifts & Gift Card[]> but was:<Gifts & Gift Card[s]>
	at org.junit.Assert.assertEquals(Assert.java:117)
	at org.junit.Assert.assertEquals(Assert.java:146)
	at steps.EtsySteps.user_should_see_below_menu_item_links(EtsySteps.java:27)
	at âœ½.user should see below menu item links(file:///C:/Users/jane6/IdeaProjects/ui_automation_bdd_6/src/test/resources/features/Etsy.feature:7)
&amp#27;[0m
Scenario = Validate Etsy main navigation header items
Status = FAILED

    Embedding screenshot.png [image/png 660082 bytes]

]]></system-out>
    <system-err><![CDATA[SLF4J: Failed to load class "org.slf4j.impl.StaticLoggerBinder".
SLF4J: Defaulting to no-operation (NOP) logger implementation
SLF4J: See http://www.slf4j.org/codes.html#StaticLoggerBinder for further details.
Starting ChromeDriver 114.0.5735.90 (386bc09e8f4f2e025eddae123f36f6263096ae49-refs/branch-heads/5735@{#1052}) on port 43415
Only local connections are allowed.
Please see https://chromedriver.chromium.org/security-considerations for suggestions on keeping ChromeDriver safe.
ChromeDriver was started successfully.
Jun 17, 2023 2:06:22 PM org.openqa.selenium.remote.ProtocolHandshake createSession
INFO: Detected dialect: W3C
]]></system-err>
  </testcase>
  <testcase name="Validate Login Form #1" classname="TechGlobal Training Functionalities" time="3.75"/>
  <testcase name="Validate Login Form #2" classname="TechGlobal Training Functionalities" time="3.786"/>
  <testcase name="Validate Login Form #3" classname="TechGlobal Training Functionalities" time="3.872"/>
  <testcase name="Validate dynamic tables pop-up window" classname="TechGlobal Training Functionalities" time="33.815"/>
  <testcase name="Validate Wiki search #1" classname="Wiki search functionality" time="4.121"/>
  <testcase name="Validate Wiki search #2" classname="Wiki search functionality" time="4.027"/>
  <testcase name="Validate Wiki search #3" classname="Wiki search functionality" time="4.367"/>
  <testcase name="Validate Wikipedia main languages" classname="Wiki search functionality" time="3.074"/>
</testsuite>